<?xml version="1.0" encoding="UTF-8"?>
<coverage generated="1727186110027" clover="3.2.0">
  <project timestamp="1727186110027" name="All files">
    <metrics statements="53" coveredstatements="53" conditionals="36" coveredconditionals="36" methods="4" coveredmethods="4" elements="93" coveredelements="93" complexity="0" loc="53" ncloc="53" packages="1" files="1" classes="1"/>
    <file name="miniMaple.js" path="/Users/ekaterinaaleksandrovna/Documents/MagLabs/CrossPlatform/cp_lesson4/src/miniMaple.js">
      <metrics statements="53" coveredstatements="53" conditionals="36" coveredconditionals="36" methods="4" coveredmethods="4"/>
      <line num="3" count="8" type="stmt"/>
      <line num="4" count="8" type="stmt"/>
      <line num="5" count="8" type="stmt"/>
      <line num="6" count="8" type="stmt"/>
      <line num="10" count="8" type="stmt"/>
      <line num="11" count="8" type="stmt"/>
      <line num="12" count="8" type="stmt"/>
      <line num="13" count="55" type="cond" truecount="3" falsecount="0"/>
      <line num="15" count="5" type="stmt"/>
      <line num="16" count="5" type="stmt"/>
      <line num="17" count="5" type="stmt"/>
      <line num="18" count="5" type="stmt"/>
      <line num="21" count="3" type="stmt"/>
      <line num="22" count="3" type="stmt"/>
      <line num="23" count="3" type="stmt"/>
      <line num="24" count="3" type="stmt"/>
      <line num="27" count="47" type="stmt"/>
      <line num="30" count="8" type="stmt"/>
      <line num="34" count="8" type="stmt"/>
      <line num="35" count="8" type="stmt"/>
      <line num="36" count="16" type="stmt"/>
      <line num="37" count="16" type="stmt"/>
      <line num="38" count="16" type="stmt"/>
      <line num="39" count="16" type="stmt"/>
      <line num="40" count="16" type="stmt"/>
      <line num="41" count="16" type="stmt"/>
      <line num="42" count="16" type="cond" truecount="2" falsecount="0"/>
      <line num="43" count="10" type="stmt"/>
      <line num="44" count="41" type="cond" truecount="13" falsecount="0"/>
      <line num="46" count="10" type="stmt"/>
      <line num="47" count="10" type="stmt"/>
      <line num="49" count="8" type="cond" truecount="2" falsecount="0"/>
      <line num="51" count="1" type="stmt"/>
      <line num="52" count="1" type="stmt"/>
      <line num="54" count="8" type="stmt"/>
      <line num="65" count="14" type="cond" truecount="4" falsecount="0"/>
      <line num="66" count="1" type="stmt"/>
      <line num="67" count="13" type="cond" truecount="2" falsecount="0"/>
      <line num="68" count="1" type="stmt"/>
      <line num="70" count="12" type="stmt"/>
      <line num="71" count="12" type="cond" truecount="2" falsecount="0"/>
      <line num="72" count="7" type="stmt"/>
      <line num="73" count="7" type="cond" truecount="2" falsecount="0"/>
      <line num="74" count="5" type="stmt"/>
      <line num="76" count="12" type="stmt"/>
      <line num="78" count="14" type="stmt"/>
      <line num="80" count="9" type="stmt"/>
      <line num="81" count="9" type="stmt"/>
      <line num="86" count="10" type="cond" truecount="2" falsecount="0"/>
      <line num="87" count="5" type="cond" truecount="2" falsecount="0"/>
      <line num="88" count="10" type="stmt"/>
      <line num="92" count="8" type="stmt"/>
      <line num="95" count="8" type="cond" truecount="2" falsecount="0"/>
    </file>
  </project>
</coverage>
