{"/Users/ekaterinaaleksandrovna/Documents/MagLabs/CrossPlatform/cp_lesson4/src/miniMaple.js": {"path":"/Users/ekaterinaaleksandrovna/Documents/MagLabs/CrossPlatform/cp_lesson4/src/miniMaple.js","statementMap":{"0":{"start":{"line":3,"column":8},"end":{"line":3,"column":30}},"1":{"start":{"line":4,"column":2},"end":{"line":4,"column":22}},"2":{"start":{"line":5,"column":2},"end":{"line":5,"column":12}},"3":{"start":{"line":6,"column":2},"end":{"line":6,"column":37}},"4":{"start":{"line":10,"column":17},"end":{"line":10,"column":21}},"5":{"start":{"line":11,"column":13},"end":{"line":11,"column":15}},"6":{"start":{"line":12,"column":2},"end":{"line":29,"column":3}},"7":{"start":{"line":12,"column":14},"end":{"line":12,"column":15}},"8":{"start":{"line":13,"column":3},"end":{"line":28,"column":4}},"9":{"start":{"line":15,"column":5},"end":{"line":15,"column":35}},"10":{"start":{"line":16,"column":5},"end":{"line":16,"column":14}},"11":{"start":{"line":17,"column":5},"end":{"line":17,"column":21}},"12":{"start":{"line":18,"column":5},"end":{"line":18,"column":10}},"13":{"start":{"line":21,"column":5},"end":{"line":21,"column":35}},"14":{"start":{"line":22,"column":5},"end":{"line":22,"column":14}},"15":{"start":{"line":23,"column":5},"end":{"line":23,"column":20}},"16":{"start":{"line":24,"column":5},"end":{"line":24,"column":10}},"17":{"start":{"line":27,"column":5},"end":{"line":27,"column":19}},"18":{"start":{"line":30,"column":2},"end":{"line":30,"column":32}},"19":{"start":{"line":34,"column":12},"end":{"line":34,"column":14}},"20":{"start":{"line":35,"column":2},"end":{"line":91,"column":4}},"21":{"start":{"line":36,"column":13},"end":{"line":36,"column":14}},"22":{"start":{"line":37,"column":15},"end":{"line":37,"column":16}},"23":{"start":{"line":38,"column":17},"end":{"line":38,"column":19}},"24":{"start":{"line":39,"column":17},"end":{"line":39,"column":19}},"25":{"start":{"line":40,"column":17},"end":{"line":40,"column":22}},"26":{"start":{"line":41,"column":17},"end":{"line":41,"column":22}},"27":{"start":{"line":42,"column":3},"end":{"line":89,"column":4}},"28":{"start":{"line":43,"column":4},"end":{"line":85,"column":5}},"29":{"start":{"line":43,"column":16},"end":{"line":43,"column":17}},"30":{"start":{"line":44,"column":5},"end":{"line":83,"column":6}},"31":{"start":{"line":46,"column":7},"end":{"line":46,"column":21}},"32":{"start":{"line":47,"column":7},"end":{"line":47,"column":12}},"33":{"start":{"line":49,"column":7},"end":{"line":53,"column":8}},"34":{"start":{"line":49,"column":20},"end":{"line":49,"column":29}},"35":{"start":{"line":51,"column":8},"end":{"line":51,"column":22}},"36":{"start":{"line":52,"column":8},"end":{"line":52,"column":22}},"37":{"start":{"line":54,"column":7},"end":{"line":54,"column":12}},"38":{"start":{"line":65,"column":7},"end":{"line":77,"column":8}},"39":{"start":{"line":66,"column":8},"end":{"line":66,"column":25}},"40":{"start":{"line":67,"column":14},"end":{"line":77,"column":8}},"41":{"start":{"line":68,"column":8},"end":{"line":68,"column":35}},"42":{"start":{"line":70,"column":8},"end":{"line":70,"column":39}},"43":{"start":{"line":71,"column":8},"end":{"line":75,"column":9}},"44":{"start":{"line":72,"column":9},"end":{"line":72,"column":32}},"45":{"start":{"line":73,"column":9},"end":{"line":74,"column":57}},"46":{"start":{"line":74,"column":10},"end":{"line":74,"column":57}},"47":{"start":{"line":76,"column":8},"end":{"line":76,"column":20}},"48":{"start":{"line":78,"column":7},"end":{"line":78,"column":12}},"49":{"start":{"line":80,"column":7},"end":{"line":80,"column":22}},"50":{"start":{"line":81,"column":7},"end":{"line":81,"column":24}},"51":{"start":{"line":86,"column":4},"end":{"line":87,"column":34}},"52":{"start":{"line":86,"column":15},"end":{"line":86,"column":25}},"53":{"start":{"line":87,"column":9},"end":{"line":87,"column":34}},"54":{"start":{"line":87,"column":24},"end":{"line":87,"column":34}},"55":{"start":{"line":88,"column":4},"end":{"line":88,"column":24}},"56":{"start":{"line":92,"column":17},"end":{"line":94,"column":30}},"57":{"start":{"line":95,"column":2},"end":{"line":95,"column":72}}},"fnMap":{"0":{"name":"(anonymous_0)","decl":{"start":{"line":2,"column":4},"end":{"line":2,"column":5}},"loc":{"start":{"line":2,"column":26},"end":{"line":7,"column":5}},"line":2},"1":{"name":"(anonymous_1)","decl":{"start":{"line":9,"column":1},"end":{"line":9,"column":2}},"loc":{"start":{"line":9,"column":23},"end":{"line":31,"column":2}},"line":9},"2":{"name":"(anonymous_2)","decl":{"start":{"line":33,"column":1},"end":{"line":33,"column":2}},"loc":{"start":{"line":33,"column":8},"end":{"line":97,"column":2}},"line":33},"3":{"name":"(anonymous_3)","decl":{"start":{"line":35,"column":21},"end":{"line":35,"column":22}},"loc":{"start":{"line":35,"column":37},"end":{"line":91,"column":3}},"line":35}},"branchMap":{"0":{"loc":{"start":{"line":13,"column":3},"end":{"line":28,"column":4}},"type":"switch","locations":[{"start":{"line":14,"column":4},"end":{"line":18,"column":10}},{"start":{"line":20,"column":4},"end":{"line":24,"column":10}},{"start":{"line":26,"column":4},"end":{"line":27,"column":19}}],"line":13},"1":{"loc":{"start":{"line":42,"column":3},"end":{"line":89,"column":4}},"type":"if","locations":[{"start":{"line":42,"column":3},"end":{"line":89,"column":4}},{"start":{},"end":{}}],"line":42},"2":{"loc":{"start":{"line":44,"column":5},"end":{"line":83,"column":6}},"type":"switch","locations":[{"start":{"line":45,"column":6},"end":{"line":47,"column":12}},{"start":{"line":48,"column":6},"end":{"line":54,"column":12}},{"start":{"line":55,"column":6},"end":{"line":55,"column":15}},{"start":{"line":56,"column":6},"end":{"line":56,"column":15}},{"start":{"line":57,"column":6},"end":{"line":57,"column":15}},{"start":{"line":58,"column":6},"end":{"line":58,"column":15}},{"start":{"line":59,"column":6},"end":{"line":59,"column":15}},{"start":{"line":60,"column":6},"end":{"line":60,"column":15}},{"start":{"line":61,"column":6},"end":{"line":61,"column":15}},{"start":{"line":62,"column":6},"end":{"line":62,"column":15}},{"start":{"line":63,"column":6},"end":{"line":63,"column":15}},{"start":{"line":64,"column":6},"end":{"line":78,"column":12}},{"start":{"line":79,"column":6},"end":{"line":81,"column":24}}],"line":44},"3":{"loc":{"start":{"line":49,"column":7},"end":{"line":53,"column":8}},"type":"if","locations":[{"start":{"line":49,"column":7},"end":{"line":53,"column":8}},{"start":{"line":50,"column":12},"end":{"line":53,"column":8}}],"line":49},"4":{"loc":{"start":{"line":65,"column":7},"end":{"line":77,"column":8}},"type":"if","locations":[{"start":{"line":65,"column":7},"end":{"line":77,"column":8}},{"start":{"line":67,"column":14},"end":{"line":77,"column":8}}],"line":65},"5":{"loc":{"start":{"line":65,"column":11},"end":{"line":65,"column":49}},"type":"binary-expr","locations":[{"start":{"line":65,"column":11},"end":{"line":65,"column":27}},{"start":{"line":65,"column":31},"end":{"line":65,"column":49}}],"line":65},"6":{"loc":{"start":{"line":67,"column":14},"end":{"line":77,"column":8}},"type":"if","locations":[{"start":{"line":67,"column":14},"end":{"line":77,"column":8}},{"start":{"line":69,"column":14},"end":{"line":77,"column":8}}],"line":67},"7":{"loc":{"start":{"line":71,"column":8},"end":{"line":75,"column":9}},"type":"if","locations":[{"start":{"line":71,"column":8},"end":{"line":75,"column":9}},{"start":{},"end":{}}],"line":71},"8":{"loc":{"start":{"line":73,"column":9},"end":{"line":74,"column":57}},"type":"if","locations":[{"start":{"line":73,"column":9},"end":{"line":74,"column":57}},{"start":{},"end":{}}],"line":73},"9":{"loc":{"start":{"line":86,"column":4},"end":{"line":87,"column":34}},"type":"if","locations":[{"start":{"line":86,"column":4},"end":{"line":87,"column":34}},{"start":{"line":87,"column":9},"end":{"line":87,"column":34}}],"line":86},"10":{"loc":{"start":{"line":87,"column":9},"end":{"line":87,"column":34}},"type":"if","locations":[{"start":{"line":87,"column":9},"end":{"line":87,"column":34}},{"start":{},"end":{}}],"line":87},"11":{"loc":{"start":{"line":95,"column":9},"end":{"line":95,"column":72}},"type":"cond-expr","locations":[{"start":{"line":95,"column":40},"end":{"line":95,"column":61}},{"start":{"line":95,"column":64},"end":{"line":95,"column":72}}],"line":95}},"s":{"0":8,"1":8,"2":8,"3":8,"4":8,"5":8,"6":8,"7":8,"8":55,"9":5,"10":5,"11":5,"12":5,"13":3,"14":3,"15":3,"16":3,"17":47,"18":8,"19":8,"20":8,"21":16,"22":16,"23":16,"24":16,"25":16,"26":16,"27":16,"28":10,"29":10,"30":41,"31":10,"32":10,"33":8,"34":7,"35":1,"36":1,"37":8,"38":14,"39":1,"40":13,"41":1,"42":12,"43":12,"44":7,"45":7,"46":5,"47":12,"48":14,"49":9,"50":9,"51":10,"52":5,"53":5,"54":2,"55":10,"56":8,"57":8},"f":{"0":8,"1":8,"2":8,"3":16},"b":{"0":[5,3,47],"1":[10,6],"2":[10,8,1,1,4,9,13,13,13,13,14,14,9],"3":[7,1],"4":[1,13],"5":[14,14],"6":[1,12],"7":[7,5],"8":[5,2],"9":[5,5],"10":[2,3],"11":[1,7]},"_coverageSchema":"1a1c01bbd47fc00a2c39e90264f33305004495a9","hash":"9832da733dd17ec7115bd2632f1a796a051306d6"}
}
