TN:
SF:src/miniMaple.js
FN:2,(anonymous_0)
FN:9,(anonymous_1)
FN:33,(anonymous_2)
FN:35,(anonymous_3)
FNF:4
FNH:4
FNDA:8,(anonymous_0)
FNDA:8,(anonymous_1)
FNDA:8,(anonymous_2)
FNDA:16,(anonymous_3)
DA:3,8
DA:4,8
DA:5,8
DA:6,8
DA:10,8
DA:11,8
DA:12,8
DA:13,55
DA:15,5
DA:16,5
DA:17,5
DA:18,5
DA:21,3
DA:22,3
DA:23,3
DA:24,3
DA:27,47
DA:30,8
DA:34,8
DA:35,8
DA:36,16
DA:37,16
DA:38,16
DA:39,16
DA:40,16
DA:41,16
DA:42,16
DA:43,10
DA:44,41
DA:46,10
DA:47,10
DA:49,8
DA:51,1
DA:52,1
DA:54,8
DA:65,14
DA:66,1
DA:67,13
DA:68,1
DA:70,12
DA:71,12
DA:72,7
DA:73,7
DA:74,5
DA:76,12
DA:78,14
DA:80,9
DA:81,9
DA:86,10
DA:87,5
DA:88,10
DA:92,8
DA:95,8
LF:53
LH:53
BRDA:13,0,0,5
BRDA:13,0,1,3
BRDA:13,0,2,47
BRDA:42,1,0,10
BRDA:42,1,1,6
BRDA:44,2,0,10
BRDA:44,2,1,8
BRDA:44,2,2,1
BRDA:44,2,3,1
BRDA:44,2,4,4
BRDA:44,2,5,9
BRDA:44,2,6,13
BRDA:44,2,7,13
BRDA:44,2,8,13
BRDA:44,2,9,13
BRDA:44,2,10,14
BRDA:44,2,11,14
BRDA:44,2,12,9
BRDA:49,3,0,7
BRDA:49,3,1,1
BRDA:65,4,0,1
BRDA:65,4,1,13
BRDA:65,5,0,14
BRDA:65,5,1,14
BRDA:67,6,0,1
BRDA:67,6,1,12
BRDA:71,7,0,7
BRDA:71,7,1,5
BRDA:73,8,0,5
BRDA:73,8,1,2
BRDA:86,9,0,5
BRDA:86,9,1,5
BRDA:87,10,0,2
BRDA:87,10,1,3
BRDA:95,11,0,1
BRDA:95,11,1,7
BRF:36
BRH:36
end_of_record
